This is pdfTeX, Version 3.141592653-2.6-1.40.25 (TeX Live 2023) (preloaded format=latex 2023.4.12)  31 DEC 2023 01:07
entering extended mode
 restricted \write18 enabled.
 %&-line parsing enabled.
**/Users/taniguchitomohiro/Documents/G-coordinator-paper/main.tex
(/Users/taniguchitomohiro/Documents/G-coordinator-paper/main.tex
LaTeX2e <2022-11-01> patch level 1
L3 programming layer <2023-02-22> (/usr/local/texlive/2023/texmf-dist/tex/latex/base/article.cls
Document Class: article 2022/07/02 v1.4n Standard LaTeX document class
(/usr/local/texlive/2023/texmf-dist/tex/latex/base/size10.clo
File: size10.clo 2022/07/02 v1.4n Standard LaTeX file (size option)
)
\c@part=\count185
\c@section=\count186
\c@subsection=\count187
\c@subsubsection=\count188
\c@paragraph=\count189
\c@subparagraph=\count190
\c@figure=\count191
\c@table=\count192
\abovecaptionskip=\skip48
\belowcaptionskip=\skip49
\bibindent=\dimen140
) (/usr/local/texlive/2023/texmf-dist/tex/latex/listings/listings.sty (/usr/local/texlive/2023/texmf-dist/tex/latex/graphics/keyval.sty
Package: keyval 2022/05/29 v1.15 key=value parser (DPC)
\KV@toks@=\toks16
)
\lst@mode=\count193
\lst@gtempboxa=\box51
\lst@token=\toks17
\lst@length=\count194
\lst@currlwidth=\dimen141
\lst@column=\count195
\lst@pos=\count196
\lst@lostspace=\dimen142
\lst@width=\dimen143
\lst@newlines=\count197
\lst@lineno=\count198
\lst@maxwidth=\dimen144
(/usr/local/texlive/2023/texmf-dist/tex/latex/listings/lstmisc.sty
File: lstmisc.sty 2023/02/27 1.9 (Carsten Heinz)
\c@lstnumber=\count199
\lst@skipnumbers=\count266
\lst@framebox=\box52
) (/usr/local/texlive/2023/texmf-dist/tex/latex/listings/listings.cfg
File: listings.cfg 2023/02/27 1.9 listings configuration
))
Package: listings 2023/02/27 1.9 (Carsten Heinz)
(/usr/local/texlive/2023/texmf-dist/tex/latex/xcolor/xcolor.sty
Package: xcolor 2022/06/12 v2.14 LaTeX color extensions (UK)
(/usr/local/texlive/2023/texmf-dist/tex/latex/graphics-cfg/color.cfg
File: color.cfg 2016/01/02 v1.6 sample color configuration
)
Package xcolor Info: Driver file: dvips.def on input line 227.
(/usr/local/texlive/2023/texmf-dist/tex/latex/graphics-def/dvips.def
File: dvips.def 2022/09/22 v3.1e Graphics/color driver for dvips
) (/usr/local/texlive/2023/texmf-dist/tex/latex/graphics/mathcolor.ltx)
Package xcolor Info: Model `cmy' substituted by `cmy0' on input line 1353.
Package xcolor Info: Model `RGB' extended on input line 1369.
Package xcolor Info: Model `HTML' substituted by `rgb' on input line 1371.
Package xcolor Info: Model `Hsb' substituted by `hsb' on input line 1372.
Package xcolor Info: Model `tHsb' substituted by `hsb' on input line 1373.
Package xcolor Info: Model `HSB' substituted by `hsb' on input line 1374.
Package xcolor Info: Model `Gray' substituted by `gray' on input line 1375.
Package xcolor Info: Model `wave' substituted by `hsb' on input line 1376.
) (/usr/local/texlive/2023/texmf-dist/tex/latex/listings/lstlang1.sty
File: lstlang1.sty 2023/02/27 1.9 listings language file
) (/usr/local/texlive/2023/texmf-dist/tex/latex/geometry/geometry.sty
Package: geometry 2020/01/02 v5.9 Page Geometry
(/usr/local/texlive/2023/texmf-dist/tex/generic/iftex/ifvtex.sty
Package: ifvtex 2019/10/25 v1.7 ifvtex legacy package. Use iftex instead.
(/usr/local/texlive/2023/texmf-dist/tex/generic/iftex/iftex.sty
Package: iftex 2022/02/03 v1.0f TeX engine tests
))
\Gm@cnth=\count267
\Gm@cntv=\count268
\c@Gm@tempcnt=\count269
\Gm@bindingoffset=\dimen145
\Gm@wd@mp=\dimen146
\Gm@odd@mp=\dimen147
\Gm@even@mp=\dimen148
\Gm@layoutwidth=\dimen149
\Gm@layoutheight=\dimen150
\Gm@layouthoffset=\dimen151
\Gm@layoutvoffset=\dimen152
\Gm@dimlist=\toks18
) (/usr/local/texlive/2023/texmf-dist/tex/latex/graphics/graphicx.sty
Package: graphicx 2021/09/16 v1.2d Enhanced LaTeX Graphics (DPC,SPQR)
(/usr/local/texlive/2023/texmf-dist/tex/latex/graphics/graphics.sty
Package: graphics 2022/03/10 v1.4e Standard LaTeX Graphics (DPC,SPQR)
(/usr/local/texlive/2023/texmf-dist/tex/latex/graphics/trig.sty
Package: trig 2021/08/11 v1.11 sin cos tan (DPC)
) (/usr/local/texlive/2023/texmf-dist/tex/latex/graphics-cfg/graphics.cfg
File: graphics.cfg 2016/06/04 v1.11 sample graphics configuration
)
Package graphics Info: Driver file: dvipdfmx.def on input line 107.
(/usr/local/texlive/2023/texmf-dist/tex/latex/graphics-def/dvipdfmx.def
File: dvipdfmx.def 2022/09/22 v5.0m Graphics/color driver for dvipdfmx
))
\Gin@req@height=\dimen153
\Gin@req@width=\dimen154
) (/usr/local/texlive/2023/texmf-dist/tex/latex/natbib/natbib.sty
Package: natbib 2010/09/13 8.31b (PWD, AO)
\bibhang=\skip50
\bibsep=\skip51
LaTeX Info: Redefining \cite on input line 694.
\c@NAT@ctr=\count270
) (/usr/local/texlive/2023/texmf-dist/tex/latex/url/url.sty
\Urlmuskip=\muskip16
Package: url 2013/09/16  ver 3.4  Verb mode for urls, etc.
) (/usr/local/texlive/2023/texmf-dist/tex/latex/l3backend/l3backend-dvips.def
File: l3backend-dvips.def 2023-01-16 L3 backend support: dvips
\l__pdf_internal_box=\box53
\g__pdf_backend_object_int=\count271
\l__pdf_backend_content_box=\box54
\l__pdf_backend_model_box=\box55
\g__pdf_backend_annotation_int=\count272
\g__pdf_backend_link_int=\count273
\g__pdf_backend_link_sf_int=\count274
) (out/main.aux)
\openout1 = `main.aux'.

LaTeX Font Info:    Checking defaults for OML/cmm/m/it on input line 24.
LaTeX Font Info:    ... okay on input line 24.
LaTeX Font Info:    Checking defaults for OMS/cmsy/m/n on input line 24.
LaTeX Font Info:    ... okay on input line 24.
LaTeX Font Info:    Checking defaults for OT1/cmr/m/n on input line 24.
LaTeX Font Info:    ... okay on input line 24.
LaTeX Font Info:    Checking defaults for T1/cmr/m/n on input line 24.
LaTeX Font Info:    ... okay on input line 24.
LaTeX Font Info:    Checking defaults for TS1/cmr/m/n on input line 24.
LaTeX Font Info:    ... okay on input line 24.
LaTeX Font Info:    Checking defaults for OMX/cmex/m/n on input line 24.
LaTeX Font Info:    ... okay on input line 24.
LaTeX Font Info:    Checking defaults for U/cmr/m/n on input line 24.
LaTeX Font Info:    ... okay on input line 24.
\c@lstlisting=\count275
*geometry* driver: auto-detecting
*geometry* detected driver: dvips
*geometry* verbose mode - [ preamble ] result:
* driver: dvips
* paper: <default>
* layout: <same size as paper>
* layoutoffset:(h,v)=(0.0pt,0.0pt)
* modes: 
* h-part:(L,W,R)=(72.26999pt, 469.75502pt, 72.26999pt)
* v-part:(T,H,B)=(72.26999pt, 650.43001pt, 72.26999pt)
* \paperwidth=614.295pt
* \paperheight=794.96999pt
* \textwidth=469.75502pt
* \textheight=650.43001pt
* \oddsidemargin=0.0pt
* \evensidemargin=0.0pt
* \topmargin=-37.0pt
* \headheight=12.0pt
* \headsep=25.0pt
* \topskip=10.0pt
* \footskip=30.0pt
* \marginparwidth=65.0pt
* \marginparsep=11.0pt
* \columnsep=10.0pt
* \skip\footins=9.0pt plus 4.0pt minus 2.0pt
* \hoffset=0.0pt
* \voffset=0.0pt
* \mag=1000
* \@twocolumnfalse
* \@twosidefalse
* \@mparswitchfalse
* \@reversemarginfalse
* (1in=72.27pt=25.4mm, 1cm=28.453pt)


! LaTeX Error: Unicode character ç”Ÿ (U+751F)
               not set up for use with LaTeX.

See the LaTeX manual or LaTeX Companion for explanation.
Type  H <return>  for immediate help.
 ...                                              
                                                  
l.28 \maketitle
               
You may provide a definition with
\DeclareUnicodeCharacter 


! LaTeX Error: Unicode character æˆ (U+6210)
               not set up for use with LaTeX.

See the LaTeX manual or LaTeX Companion for explanation.
Type  H <return>  for immediate help.
 ...                                              
                                                  
l.28 \maketitle
               
You may provide a definition with
\DeclareUnicodeCharacter 


! LaTeX Error: Unicode character ã® (U+306E)
               not set up for use with LaTeX.

See the LaTeX manual or LaTeX Companion for explanation.
Type  H <return>  for immediate help.
 ...                                              
                                                  
l.28 \maketitle
               
You may provide a definition with
\DeclareUnicodeCharacter 


! LaTeX Error: Unicode character æ–° (U+65B0)
               not set up for use with LaTeX.

See the LaTeX manual or LaTeX Companion for explanation.
Type  H <return>  for immediate help.
 ...                                              
                                                  
l.28 \maketitle
               
You may provide a definition with
\DeclareUnicodeCharacter 


! LaTeX Error: Unicode character ãŸ (U+305F)
               not set up for use with LaTeX.

See the LaTeX manual or LaTeX Companion for explanation.
Type  H <return>  for immediate help.
 ...                                              
                                                  
l.28 \maketitle
               
You may provide a definition with
\DeclareUnicodeCharacter 


! LaTeX Error: Unicode character ãª (U+306A)
               not set up for use with LaTeX.

See the LaTeX manual or LaTeX Companion for explanation.
Type  H <return>  for immediate help.
 ...                                              
                                                  
l.28 \maketitle
               
You may provide a definition with
\DeclareUnicodeCharacter 


! LaTeX Error: Unicode character æ‰‹ (U+624B)
               not set up for use with LaTeX.

See the LaTeX manual or LaTeX Companion for explanation.
Type  H <return>  for immediate help.
 ...                                              
                                                  
l.28 \maketitle
               
You may provide a definition with
\DeclareUnicodeCharacter 


! LaTeX Error: Unicode character æ³• (U+6CD5)
               not set up for use with LaTeX.

See the LaTeX manual or LaTeX Companion for explanation.
Type  H <return>  for immediate help.
 ...                                              
                                                  
l.28 \maketitle
               
You may provide a definition with
\DeclareUnicodeCharacter 


! LaTeX Error: Unicode character ã¨ (U+3068)
               not set up for use with LaTeX.

See the LaTeX manual or LaTeX Companion for explanation.
Type  H <return>  for immediate help.
 ...                                              
                                                  
l.28 \maketitle
               
You may provide a definition with
\DeclareUnicodeCharacter 


! LaTeX Error: Unicode character ã (U+305D)
               not set up for use with LaTeX.

See the LaTeX manual or LaTeX Companion for explanation.
Type  H <return>  for immediate help.
 ...                                              
                                                  
l.28 \maketitle
               
You may provide a definition with
\DeclareUnicodeCharacter 


! LaTeX Error: Unicode character ã® (U+306E)
               not set up for use with LaTeX.

See the LaTeX manual or LaTeX Companion for explanation.
Type  H <return>  for immediate help.
 ...                                              
                                                  
l.28 \maketitle
               
You may provide a definition with
\DeclareUnicodeCharacter 


! LaTeX Error: Unicode character å¯ (U+53EF)
               not set up for use with LaTeX.

See the LaTeX manual or LaTeX Companion for explanation.
Type  H <return>  for immediate help.
 ...                                              
                                                  
l.28 \maketitle
               
You may provide a definition with
\DeclareUnicodeCharacter 


! LaTeX Error: Unicode character èƒ½ (U+80FD)
               not set up for use with LaTeX.

See the LaTeX manual or LaTeX Companion for explanation.
Type  H <return>  for immediate help.
 ...                                              
                                                  
l.28 \maketitle
               
You may provide a definition with
\DeclareUnicodeCharacter 


! LaTeX Error: Unicode character æ€§ (U+6027)
               not set up for use with LaTeX.

See the LaTeX manual or LaTeX Companion for explanation.
Type  H <return>  for immediate help.
 ...                                              
                                                  
l.28 \maketitle
               
You may provide a definition with
\DeclareUnicodeCharacter 

LaTeX Font Info:    External font `cmex10' loaded for size
(Font)              <12> on input line 28.
LaTeX Font Info:    External font `cmex10' loaded for size
(Font)              <8> on input line 28.
LaTeX Font Info:    External font `cmex10' loaded for size
(Font)              <6> on input line 28.

! LaTeX Error: Unicode character è°· (U+8C37)
               not set up for use with LaTeX.

See the LaTeX manual or LaTeX Companion for explanation.
Type  H <return>  for immediate help.
 ...                                              
                                                  
l.28 \maketitle
               
You may provide a definition with
\DeclareUnicodeCharacter 


! LaTeX Error: Unicode character å£ (U+53E3)
               not set up for use with LaTeX.

See the LaTeX manual or LaTeX Companion for explanation.
Type  H <return>  for immediate help.
 ...                                              
                                                  
l.28 \maketitle
               
You may provide a definition with
\DeclareUnicodeCharacter 


! LaTeX Error: Unicode character æœ (U+671D)
               not set up for use with LaTeX.

See the LaTeX manual or LaTeX Companion for explanation.
Type  H <return>  for immediate help.
 ...                                              
                                                  
l.28 \maketitle
               
You may provide a definition with
\DeclareUnicodeCharacter 


! LaTeX Error: Unicode character æ´‹ (U+6D0B)
               not set up for use with LaTeX.

See the LaTeX manual or LaTeX Companion for explanation.
Type  H <return>  for immediate help.
 ...                                              
                                                  
l.28 \maketitle
               
You may provide a definition with
\DeclareUnicodeCharacter 


! LaTeX Error: Unicode character è¦ (U+8981)
               not set up for use with LaTeX.

See the LaTeX manual or LaTeX Companion for explanation.
Type  H <return>  for immediate help.
 ...                                              
                                                  
l.46 \section*{è¦æ—¨}
                      
You may provide a definition with
\DeclareUnicodeCharacter 


! LaTeX Error: Unicode character æ—¨ (U+65E8)
               not set up for use with LaTeX.

See the LaTeX manual or LaTeX Companion for explanation.
Type  H <return>  for immediate help.
 ...                                              
                                                  
l.46 \section*{è¦æ—¨}
                      
You may provide a definition with
\DeclareUnicodeCharacter 


! LaTeX Error: Unicode character æœ¬ (U+672C)
               not set up for use with LaTeX.

See the LaTeX manual or LaTeX Companion for explanation.
Type  H <return>  for immediate help.
 ...                                              
                                                  
l.47 æœ¬
        ç ”ç©¶ã¯ï¼ŒMEXå‹3Dãƒ—ãƒªãƒ³ã‚¿ã‚’ç”¨ã„ã¦é€ å½¢ã‚’è¡Œã†éš›ã«ï¼Œ...
You may provide a definition with
\DeclareUnicodeCharacter 


! LaTeX Error: Unicode character ç ” (U+7814)
               not set up for use with LaTeX.

See the LaTeX manual or LaTeX Companion for explanation.
Type  H <return>  for immediate help.
 ...                                              
                                                  
l.47 æœ¬ç ”
           ç©¶ã¯ï¼ŒMEXå‹3Dãƒ—ãƒªãƒ³ã‚¿ã‚’ç”¨ã„ã¦é€ å½¢ã‚’è¡Œã†éš›ã«ï¼Œ...
You may provide a definition with
\DeclareUnicodeCharacter 


! LaTeX Error: Unicode character ç©¶ (U+7A76)
               not set up for use with LaTeX.

See the LaTeX manual or LaTeX Companion for explanation.
Type  H <return>  for immediate help.
 ...                                              
                                                  
l.47 æœ¬ç ”ç©¶
              ã¯ï¼ŒMEXå‹3Dãƒ—ãƒªãƒ³ã‚¿ã‚’ç”¨ã„ã¦é€ å½¢ã‚’è¡Œã†éš›ã«ï¼Œ...
You may provide a definition with
\DeclareUnicodeCharacter 


! LaTeX Error: Unicode character ã¯ (U+306F)
               not set up for use with LaTeX.

See the LaTeX manual or LaTeX Companion for explanation.
Type  H <return>  for immediate help.
 ...                                              
                                                  
l.47 æœ¬ç ”ç©¶ã¯
                 ï¼ŒMEXå‹3Dãƒ—ãƒªãƒ³ã‚¿ã‚’ç”¨ã„ã¦é€ å½¢ã‚’è¡Œã†éš›ã«ï¼Œ...
You may provide a definition with
\DeclareUnicodeCharacter 


! LaTeX Error: Unicode character ï¼Œ (U+FF0C)
               not set up for use with LaTeX.

See the LaTeX manual or LaTeX Companion for explanation.
Type  H <return>  for immediate help.
 ...                                              
                                                  
l.47 æœ¬ç ”ç©¶ã¯ï¼Œ
                    MEXå‹3Dãƒ—ãƒªãƒ³ã‚¿ã‚’ç”¨ã„ã¦é€ å½¢ã‚’è¡Œã†éš›ã«ï¼Œ...
You may provide a definition with
\DeclareUnicodeCharacter 


! LaTeX Error: Unicode character å‹ (U+578B)
               not set up for use with LaTeX.

See the LaTeX manual or LaTeX Companion for explanation.
Type  H <return>  for immediate help.
 ...                                              
                                                  
l.47 æœ¬ç ”ç©¶ã¯ï¼ŒMEXå‹
                          3Dãƒ—ãƒªãƒ³ã‚¿ã‚’ç”¨ã„ã¦é€ å½¢ã‚’è¡Œã†éš›ã«ï¼Œ...
You may provide a definition with
\DeclareUnicodeCharacter 


! LaTeX Error: Unicode character ãƒ— (U+30D7)
               not set up for use with LaTeX.

See the LaTeX manual or LaTeX Companion for explanation.
Type  H <return>  for immediate help.
 ...                                              
                                                  
l.47 æœ¬ç ”ç©¶ã¯ï¼ŒMEXå‹3Dãƒ—
                               ãƒªãƒ³ã‚¿ã‚’ç”¨ã„ã¦é€ å½¢ã‚’è¡Œã†éš›ã«ï¼Œ...
You may provide a definition with
\DeclareUnicodeCharacter 


! LaTeX Error: Unicode character ãƒª (U+30EA)
               not set up for use with LaTeX.

See the LaTeX manual or LaTeX Companion for explanation.
Type  H <return>  for immediate help.
 ...                                              
                                                  
l.47 æœ¬ç ”ç©¶ã¯ï¼ŒMEXå‹3Dãƒ—ãƒª
                                  ãƒ³ã‚¿ã‚’ç”¨ã„ã¦é€ å½¢ã‚’è¡Œã†éš›ã«ï¼Œ...
You may provide a definition with
\DeclareUnicodeCharacter 


! LaTeX Error: Unicode character ãƒ³ (U+30F3)
               not set up for use with LaTeX.

See the LaTeX manual or LaTeX Companion for explanation.
Type  H <return>  for immediate help.
 ...                                              
                                                  
l.47 æœ¬ç ”ç©¶ã¯ï¼ŒMEXå‹3Dãƒ—ãƒªãƒ³
                                     ã‚¿ã‚’ç”¨ã„ã¦é€ å½¢ã‚’è¡Œã†éš›ã«ï¼Œ...
You may provide a definition with
\DeclareUnicodeCharacter 


! LaTeX Error: Unicode character ã‚¿ (U+30BF)
               not set up for use with LaTeX.

See the LaTeX manual or LaTeX Companion for explanation.
Type  H <return>  for immediate help.
 ...                                              
                                                  
l.47 æœ¬ç ”ç©¶ã¯ï¼ŒMEXå‹3Dãƒ—ãƒªãƒ³ã‚¿
                                        ã‚’ç”¨ã„ã¦é€ å½¢ã‚’è¡Œã†éš›ã«ï¼Œ...
You may provide a definition with
\DeclareUnicodeCharacter 


! LaTeX Error: Unicode character ã‚’ (U+3092)
               not set up for use with LaTeX.

See the LaTeX manual or LaTeX Companion for explanation.
Type  H <return>  for immediate help.
 ...                                              
                                                  
l.47 æœ¬ç ”ç©¶ã¯ï¼ŒMEXå‹3Dãƒ—ãƒªãƒ³ã‚¿ã‚’
                                           ç”¨ã„ã¦é€ å½¢ã‚’è¡Œã†éš›ã«ï¼Œ...
You may provide a definition with
\DeclareUnicodeCharacter 


! LaTeX Error: Unicode character ç”¨ (U+7528)
               not set up for use with LaTeX.

See the LaTeX manual or LaTeX Companion for explanation.
Type  H <return>  for immediate help.
 ...                                              
                                                  
l.47 æœ¬ç ”ç©¶ã¯ï¼ŒMEXå‹3Dãƒ—ãƒªãƒ³ã‚¿ã‚’ç”¨
                                              ã„ã¦é€ å½¢ã‚’è¡Œã†éš›ã«ï¼Œ...
You may provide a definition with
\DeclareUnicodeCharacter 


! LaTeX Error: Unicode character ã„ (U+3044)
               not set up for use with LaTeX.

See the LaTeX manual or LaTeX Companion for explanation.
Type  H <return>  for immediate help.
 ...                                              
                                                  
l.47 æœ¬ç ”ç©¶ã¯ï¼ŒMEXå‹3Dãƒ—ãƒªãƒ³ã‚¿ã‚’ç”¨ã„
                                                 ã¦é€ å½¢ã‚’è¡Œã†éš›ã«ï¼Œ...
You may provide a definition with
\DeclareUnicodeCharacter 


! LaTeX Error: Unicode character ã¦ (U+3066)
               not set up for use with LaTeX.

See the LaTeX manual or LaTeX Companion for explanation.
Type  H <return>  for immediate help.
 ...                                              
                                                  
l.47 ...”ç©¶ã¯ï¼ŒMEXå‹3Dãƒ—ãƒªãƒ³ã‚¿ã‚’ç”¨ã„ã¦
                                                  é€ å½¢ã‚’è¡Œã†éš›ã«ï¼Œæ©...
You may provide a definition with
\DeclareUnicodeCharacter 


! LaTeX Error: Unicode character é€  (U+9020)
               not set up for use with LaTeX.

See the LaTeX manual or LaTeX Companion for explanation.
Type  H <return>  for immediate help.
 ...                                              
                                                  
l.47 ...¶ã¯ï¼ŒMEXå‹3Dãƒ—ãƒªãƒ³ã‚¿ã‚’ç”¨ã„ã¦é€ 
                                                  å½¢ã‚’è¡Œã†éš›ã«ï¼Œæ©Ÿæ¢...
You may provide a definition with
\DeclareUnicodeCharacter 


! LaTeX Error: Unicode character å½¢ (U+5F62)
               not set up for use with LaTeX.

See the LaTeX manual or LaTeX Companion for explanation.
Type  H <return>  for immediate help.
 ...                                              
                                                  
l.47 ...¯ï¼ŒMEXå‹3Dãƒ—ãƒªãƒ³ã‚¿ã‚’ç”¨ã„ã¦é€ å½¢
                                                  ã‚’è¡Œã†éš›ã«ï¼Œæ©Ÿæ¢°ã...
You may provide a definition with
\DeclareUnicodeCharacter 


! LaTeX Error: Unicode character ã‚’ (U+3092)
               not set up for use with LaTeX.

See the LaTeX manual or LaTeX Companion for explanation.
Type  H <return>  for immediate help.
 ...                                              
                                                  
l.47 ...ŒMEXå‹3Dãƒ—ãƒªãƒ³ã‚¿ã‚’ç”¨ã„ã¦é€ å½¢ã‚’
                                                  è¡Œã†éš›ã«ï¼Œæ©Ÿæ¢°ã«èª...
You may provide a definition with
\DeclareUnicodeCharacter 


! LaTeX Error: Unicode character è¡Œ (U+884C)
               not set up for use with LaTeX.

See the LaTeX manual or LaTeX Companion for explanation.
Type  H <return>  for immediate help.
 ...                                              
                                                  
l.47 ...Xå‹3Dãƒ—ãƒªãƒ³ã‚¿ã‚’ç”¨ã„ã¦é€ å½¢ã‚’è¡Œ
                                                  ã†éš›ã«ï¼Œæ©Ÿæ¢°ã«èª­ã...
You may provide a definition with
\DeclareUnicodeCharacter 


! LaTeX Error: Unicode character ã† (U+3046)
               not set up for use with LaTeX.

See the LaTeX manual or LaTeX Companion for explanation.
Type  H <return>  for immediate help.
 ...                                              
                                                  
l.47 ...‹3Dãƒ—ãƒªãƒ³ã‚¿ã‚’ç”¨ã„ã¦é€ å½¢ã‚’è¡Œã†
                                                  éš›ã«ï¼Œæ©Ÿæ¢°ã«èª­ã¿è¾...
You may provide a definition with
\DeclareUnicodeCharacter 


! LaTeX Error: Unicode character éš› (U+969B)
               not set up for use with LaTeX.

See the LaTeX manual or LaTeX Companion for explanation.
Type  H <return>  for immediate help.
 ...                                              
                                                  
l.47 ...ãƒ—ãƒªãƒ³ã‚¿ã‚’ç”¨ã„ã¦é€ å½¢ã‚’è¡Œã†éš›
                                                  ã«ï¼Œæ©Ÿæ¢°ã«èª­ã¿è¾¼ã...
You may provide a definition with
\DeclareUnicodeCharacter 


! LaTeX Error: Unicode character ã« (U+306B)
               not set up for use with LaTeX.

See the LaTeX manual or LaTeX Companion for explanation.
Type  H <return>  for immediate help.
 ...                                              
                                                  
l.47 ...ãƒªãƒ³ã‚¿ã‚’ç”¨ã„ã¦é€ å½¢ã‚’è¡Œã†éš›ã«
                                                  ï¼Œæ©Ÿæ¢°ã«èª­ã¿è¾¼ã¾ã...
You may provide a definition with
\DeclareUnicodeCharacter 


! LaTeX Error: Unicode character ï¼Œ (U+FF0C)
               not set up for use with LaTeX.

See the LaTeX manual or LaTeX Companion for explanation.
Type  H <return>  for immediate help.
 ...                                              
                                                  
l.47 ...ãƒ³ã‚¿ã‚’ç”¨ã„ã¦é€ å½¢ã‚’è¡Œã†éš›ã«ï¼Œ
                                                  æ©Ÿæ¢°ã«èª­ã¿è¾¼ã¾ã›ã‚...
You may provide a definition with
\DeclareUnicodeCharacter 


! LaTeX Error: Unicode character æ©Ÿ (U+6A5F)
               not set up for use with LaTeX.

See the LaTeX manual or LaTeX Companion for explanation.
Type  H <return>  for immediate help.
 ...                                              
                                                  
l.47 ...ã‚¿ã‚’ç”¨ã„ã¦é€ å½¢ã‚’è¡Œã†éš›ã«ï¼Œæ©Ÿ
                                                  æ¢°ã«èª­ã¿è¾¼ã¾ã›ã‚‹ãƒ...
You may provide a definition with
\DeclareUnicodeCharacter 


! LaTeX Error: Unicode character æ¢° (U+68B0)
               not set up for use with LaTeX.

See the LaTeX manual or LaTeX Companion for explanation.
Type  H <return>  for immediate help.
 ...                                              
                                                  
l.47 ...ã‚’ç”¨ã„ã¦é€ å½¢ã‚’è¡Œã†éš›ã«ï¼Œæ©Ÿæ¢°
                                                  ã«èª­ã¿è¾¼ã¾ã›ã‚‹ãƒ—ãƒ...
You may provide a definition with
\DeclareUnicodeCharacter 


! LaTeX Error: Unicode character ã« (U+306B)
               not set up for use with LaTeX.

See the LaTeX manual or LaTeX Companion for explanation.
Type  H <return>  for immediate help.
 ...                                              
                                                  
l.47 ...ç”¨ã„ã¦é€ å½¢ã‚’è¡Œã†éš›ã«ï¼Œæ©Ÿæ¢°ã«
                                                  èª­ã¿è¾¼ã¾ã›ã‚‹ãƒ—ãƒ­ã‚...
You may provide a definition with
\DeclareUnicodeCharacter 


! LaTeX Error: Unicode character èª­ (U+8AAD)
               not set up for use with LaTeX.

See the LaTeX manual or LaTeX Companion for explanation.
Type  H <return>  for immediate help.
 ...                                              
                                                  
l.47 ...ã„ã¦é€ å½¢ã‚’è¡Œã†éš›ã«ï¼Œæ©Ÿæ¢°ã«èª­
                                                  ã¿è¾¼ã¾ã›ã‚‹ãƒ—ãƒ­ã‚°ãƒ...
You may provide a definition with
\DeclareUnicodeCharacter 


! LaTeX Error: Unicode character ã¿ (U+307F)
               not set up for use with LaTeX.

See the LaTeX manual or LaTeX Companion for explanation.
Type  H <return>  for immediate help.
 ...                                              
                                                  
l.47 ...ã¦é€ å½¢ã‚’è¡Œã†éš›ã«ï¼Œæ©Ÿæ¢°ã«èª­ã¿
                                                  è¾¼ã¾ã›ã‚‹ãƒ—ãƒ­ã‚°ãƒ©ãƒ...
You may provide a definition with
\DeclareUnicodeCharacter 


! LaTeX Error: Unicode character è¾¼ (U+8FBC)
               not set up for use with LaTeX.

See the LaTeX manual or LaTeX Companion for explanation.
Type  H <return>  for immediate help.
 ...                                              
                                                  
l.47 ...é€ å½¢ã‚’è¡Œã†éš›ã«ï¼Œæ©Ÿæ¢°ã«èª­ã¿è¾¼
                                                  ã¾ã›ã‚‹ãƒ—ãƒ­ã‚°ãƒ©ãƒ ã...
You may provide a definition with
\DeclareUnicodeCharacter 


! LaTeX Error: Unicode character ã¾ (U+307E)
               not set up for use with LaTeX.

See the LaTeX manual or LaTeX Companion for explanation.
Type  H <return>  for immediate help.
 ...                                              
                                                  
l.47 ...å½¢ã‚’è¡Œã†éš›ã«ï¼Œæ©Ÿæ¢°ã«èª­ã¿è¾¼ã¾
                                                  ã›ã‚‹ãƒ—ãƒ­ã‚°ãƒ©ãƒ ã§ã...
You may provide a definition with
\DeclareUnicodeCharacter 


! LaTeX Error: Unicode character ã› (U+305B)
               not set up for use with LaTeX.

See the LaTeX manual or LaTeX Companion for explanation.
Type  H <return>  for immediate help.
 ...                                              
                                                  
l.47 ...ã‚’è¡Œã†éš›ã«ï¼Œæ©Ÿæ¢°ã«èª­ã¿è¾¼ã¾ã›
                                                  ã‚‹ãƒ—ãƒ­ã‚°ãƒ©ãƒ ã§ã‚ã‚...
You may provide a definition with
\DeclareUnicodeCharacter 


! LaTeX Error: Unicode character ã‚‹ (U+308B)
               not set up for use with LaTeX.

See the LaTeX manual or LaTeX Companion for explanation.
Type  H <return>  for immediate help.
 ...                                              
                                                  
l.47 ...è¡Œã†éš›ã«ï¼Œæ©Ÿæ¢°ã«èª­ã¿è¾¼ã¾ã›ã‚‹
                                                  ãƒ—ãƒ­ã‚°ãƒ©ãƒ ã§ã‚ã‚‹G-...
You may provide a definition with
\DeclareUnicodeCharacter 


! LaTeX Error: Unicode character ãƒ— (U+30D7)
               not set up for use with LaTeX.

See the LaTeX manual or LaTeX Companion for explanation.
Type  H <return>  for immediate help.
 ...                                              
                                                  
l.47 ...ã†éš›ã«ï¼Œæ©Ÿæ¢°ã«èª­ã¿è¾¼ã¾ã›ã‚‹ãƒ—
                                                  ãƒ­ã‚°ãƒ©ãƒ ã§ã‚ã‚‹G-cod...
You may provide a definition with
\DeclareUnicodeCharacter 


! LaTeX Error: Unicode character ãƒ­ (U+30ED)
               not set up for use with LaTeX.

See the LaTeX manual or LaTeX Companion for explanation.
Type  H <return>  for immediate help.
 ...                                              
                                                  
l.47 ...éš›ã«ï¼Œæ©Ÿæ¢°ã«èª­ã¿è¾¼ã¾ã›ã‚‹ãƒ—ãƒ­
                                                  ã‚°ãƒ©ãƒ ã§ã‚ã‚‹G-codeã...
You may provide a definition with
\DeclareUnicodeCharacter 


! LaTeX Error: Unicode character ã‚° (U+30B0)
               not set up for use with LaTeX.

See the LaTeX manual or LaTeX Companion for explanation.
Type  H <return>  for immediate help.
 ...                                              
                                                  
l.47 ...ã«ï¼Œæ©Ÿæ¢°ã«èª­ã¿è¾¼ã¾ã›ã‚‹ãƒ—ãƒ­ã‚°
                                                  ãƒ©ãƒ ã§ã‚ã‚‹G-codeã®æ–...
You may provide a definition with
\DeclareUnicodeCharacter 


! LaTeX Error: Unicode character ãƒ© (U+30E9)
               not set up for use with LaTeX.

See the LaTeX manual or LaTeX Companion for explanation.
Type  H <return>  for immediate help.
 ...                                              
                                                  
l.47 ...ï¼Œæ©Ÿæ¢°ã«èª­ã¿è¾¼ã¾ã›ã‚‹ãƒ—ãƒ­ã‚°ãƒ©
                                                  ãƒ ã§ã‚ã‚‹G-codeã®æ–°ã...
You may provide a definition with
\DeclareUnicodeCharacter 


! LaTeX Error: Unicode character ãƒ  (U+30E0)
               not set up for use with LaTeX.

See the LaTeX manual or LaTeX Companion for explanation.
Type  H <return>  for immediate help.
 ...                                              
                                                  
l.47 ...æ©Ÿæ¢°ã«èª­ã¿è¾¼ã¾ã›ã‚‹ãƒ—ãƒ­ã‚°ãƒ©ãƒ 
                                                  ã§ã‚ã‚‹G-codeã®æ–°ãŸã...
You may provide a definition with
\DeclareUnicodeCharacter 


! LaTeX Error: Unicode character ã§ (U+3067)
               not set up for use with LaTeX.

See the LaTeX manual or LaTeX Companion for explanation.
Type  H <return>  for immediate help.
 ...                                              
                                                  
l.47 ...æ¢°ã«èª­ã¿è¾¼ã¾ã›ã‚‹ãƒ—ãƒ­ã‚°ãƒ©ãƒ ã§
                                                  ã‚ã‚‹G-codeã®æ–°ãŸãªç”...
You may provide a definition with
\DeclareUnicodeCharacter 


! LaTeX Error: Unicode character ã‚ (U+3042)
               not set up for use with LaTeX.

See the LaTeX manual or LaTeX Companion for explanation.
Type  H <return>  for immediate help.
 ...                                              
                                                  
l.47 ...ã«èª­ã¿è¾¼ã¾ã›ã‚‹ãƒ—ãƒ­ã‚°ãƒ©ãƒ ã§ã‚
                                                  ã‚‹G-codeã®æ–°ãŸãªç”Ÿæˆ...
You may provide a definition with
\DeclareUnicodeCharacter 


! LaTeX Error: Unicode character ã‚‹ (U+308B)
               not set up for use with LaTeX.

See the LaTeX manual or LaTeX Companion for explanation.
Type  H <return>  for immediate help.
 ...                                              
                                                  
l.47 ...èª­ã¿è¾¼ã¾ã›ã‚‹ãƒ—ãƒ­ã‚°ãƒ©ãƒ ã§ã‚ã‚‹
                                                  G-codeã®æ–°ãŸãªç”Ÿæˆæ–...
You may provide a definition with
\DeclareUnicodeCharacter 


! LaTeX Error: Unicode character ã® (U+306E)
               not set up for use with LaTeX.

See the LaTeX manual or LaTeX Companion for explanation.
Type  H <return>  for immediate help.
 ...                                              
                                                  
l.47 ...ã¾ã›ã‚‹ãƒ—ãƒ­ã‚°ãƒ©ãƒ ã§ã‚ã‚‹G-codeã®
                                                  æ–°ãŸãªç”Ÿæˆæ–¹æ³•ã«é–...
You may provide a definition with
\DeclareUnicodeCharacter 


! LaTeX Error: Unicode character æ–° (U+65B0)
               not set up for use with LaTeX.

See the LaTeX manual or LaTeX Companion for explanation.
Type  H <return>  for immediate help.
 ...                                              
                                                  
l.47 ...ã›ã‚‹ãƒ—ãƒ­ã‚°ãƒ©ãƒ ã§ã‚ã‚‹G-codeã®æ–°
                                                  ãŸãªç”Ÿæˆæ–¹æ³•ã«é–¢ã...
You may provide a definition with
\DeclareUnicodeCharacter 


! LaTeX Error: Unicode character ãŸ (U+305F)
               not set up for use with LaTeX.

See the LaTeX manual or LaTeX Companion for explanation.
Type  H <return>  for immediate help.
 ...                                              
                                                  
l.47 ...ã‚‹ãƒ—ãƒ­ã‚°ãƒ©ãƒ ã§ã‚ã‚‹G-codeã®æ–°ãŸ
                                                  ãªç”Ÿæˆæ–¹æ³•ã«é–¢ã™ã‚...
You may provide a definition with
\DeclareUnicodeCharacter 


! LaTeX Error: Unicode character ãª (U+306A)
               not set up for use with LaTeX.

See the LaTeX manual or LaTeX Companion for explanation.
Type  H <return>  for immediate help.
 ...                                              
                                                  
l.47 ...ãƒ—ãƒ­ã‚°ãƒ©ãƒ ã§ã‚ã‚‹G-codeã®æ–°ãŸãª
                                                  ç”Ÿæˆæ–¹æ³•ã«é–¢ã™ã‚‹ã‚...
You may provide a definition with
\DeclareUnicodeCharacter 


! LaTeX Error: Unicode character ç”Ÿ (U+751F)
               not set up for use with LaTeX.

See the LaTeX manual or LaTeX Companion for explanation.
Type  H <return>  for immediate help.
 ...                                              
                                                  
l.47 ...ãƒ­ã‚°ãƒ©ãƒ ã§ã‚ã‚‹G-codeã®æ–°ãŸãªç”Ÿ
                                                  æˆæ–¹æ³•ã«é–¢ã™ã‚‹ã‚‚ã...
You may provide a definition with
\DeclareUnicodeCharacter 


! LaTeX Error: Unicode character æˆ (U+6210)
               not set up for use with LaTeX.

See the LaTeX manual or LaTeX Companion for explanation.
Type  H <return>  for immediate help.
 ...                                              
                                                  
l.47 ...ã‚°ãƒ©ãƒ ã§ã‚ã‚‹G-codeã®æ–°ãŸãªç”Ÿæˆ
                                                  æ–¹æ³•ã«é–¢ã™ã‚‹ã‚‚ã®ã...
You may provide a definition with
\DeclareUnicodeCharacter 


! LaTeX Error: Unicode character æ–¹ (U+65B9)
               not set up for use with LaTeX.

See the LaTeX manual or LaTeX Companion for explanation.
Type  H <return>  for immediate help.
 ...                                              
                                                  
l.47 ...ãƒ©ãƒ ã§ã‚ã‚‹G-codeã®æ–°ãŸãªç”Ÿæˆæ–¹
                                                  æ³•ã«é–¢ã™ã‚‹ã‚‚ã®ã§ã...
You may provide a definition with
\DeclareUnicodeCharacter 


! LaTeX Error: Unicode character æ³• (U+6CD5)
               not set up for use with LaTeX.

See the LaTeX manual or LaTeX Companion for explanation.
Type  H <return>  for immediate help.
 ...                                              
                                                  
l.47 ...ãƒ ã§ã‚ã‚‹G-codeã®æ–°ãŸãªç”Ÿæˆæ–¹æ³•
                                                  ã«é–¢ã™ã‚‹ã‚‚ã®ã§ã‚ã‚...
You may provide a definition with
\DeclareUnicodeCharacter 


! LaTeX Error: Unicode character ã« (U+306B)
               not set up for use with LaTeX.

See the LaTeX manual or LaTeX Companion for explanation.
Type  H <return>  for immediate help.
 ...                                              
                                                  
l.47 ...ã§ã‚ã‚‹G-codeã®æ–°ãŸãªç”Ÿæˆæ–¹æ³•ã«
                                                  é–¢ã™ã‚‹ã‚‚ã®ã§ã‚ã‚‹ï¼
You may provide a definition with
\DeclareUnicodeCharacter 


! LaTeX Error: Unicode character é–¢ (U+95A2)
               not set up for use with LaTeX.

See the LaTeX manual or LaTeX Companion for explanation.
Type  H <return>  for immediate help.
 ...                                              
                                                  
l.47 ...ã‚ã‚‹G-codeã®æ–°ãŸãªç”Ÿæˆæ–¹æ³•ã«é–¢
                                                  ã™ã‚‹ã‚‚ã®ã§ã‚ã‚‹ï¼
You may provide a definition with
\DeclareUnicodeCharacter 


! LaTeX Error: Unicode character ã™ (U+3059)
               not set up for use with LaTeX.

See the LaTeX manual or LaTeX Companion for explanation.
Type  H <return>  for immediate help.
 ...                                              
                                                  
l.47 ...ã‚‹G-codeã®æ–°ãŸãªç”Ÿæˆæ–¹æ³•ã«é–¢ã™
                                                  ã‚‹ã‚‚ã®ã§ã‚ã‚‹ï¼
You may provide a definition with
\DeclareUnicodeCharacter 


! LaTeX Error: Unicode character ã‚‹ (U+308B)
               not set up for use with LaTeX.

See the LaTeX manual or LaTeX Companion for explanation.
Type  H <return>  for immediate help.
 ...                                              
                                                  
l.47 ...G-codeã®æ–°ãŸãªç”Ÿæˆæ–¹æ³•ã«é–¢ã™ã‚‹
                                                  ã‚‚ã®ã§ã‚ã‚‹ï¼
You may provide a definition with
\DeclareUnicodeCharacter 


! LaTeX Error: Unicode character ã‚‚ (U+3082)
               not set up for use with LaTeX.

See the LaTeX manual or LaTeX Companion for explanation.
Type  H <return>  for immediate help.
 ...                                              
                                                  
l.47 ...odeã®æ–°ãŸãªç”Ÿæˆæ–¹æ³•ã«é–¢ã™ã‚‹ã‚‚
                                                  ã®ã§ã‚ã‚‹ï¼
You may provide a definition with
\DeclareUnicodeCharacter 


! LaTeX Error: Unicode character ã® (U+306E)
               not set up for use with LaTeX.

See the LaTeX manual or LaTeX Companion for explanation.
Type  H <return>  for immediate help.
 ...                                              
                                                  
l.47 ...ã®æ–°ãŸãªç”Ÿæˆæ–¹æ³•ã«é–¢ã™ã‚‹ã‚‚ã®
                                                  ã§ã‚ã‚‹ï¼
You may provide a definition with
\DeclareUnicodeCharacter 


! LaTeX Error: Unicode character ã§ (U+3067)
               not set up for use with LaTeX.

See the LaTeX manual or LaTeX Companion for explanation.
Type  H <return>  for immediate help.
 ...                                              
                                                  
l.47 ...æ–°ãŸãªç”Ÿæˆæ–¹æ³•ã«é–¢ã™ã‚‹ã‚‚ã®ã§
                                                  ã‚ã‚‹ï¼
You may provide a definition with
\DeclareUnicodeCharacter 


! LaTeX Error: Unicode character ã‚ (U+3042)
               not set up for use with LaTeX.

See the LaTeX manual or LaTeX Companion for explanation.
Type  H <return>  for immediate help.
 ...                                              
                                                  
l.47 ...ãŸãªç”Ÿæˆæ–¹æ³•ã«é–¢ã™ã‚‹ã‚‚ã®ã§ã‚
                                                  ã‚‹ï¼
You may provide a definition with
\DeclareUnicodeCharacter 


! LaTeX Error: Unicode character ã‚‹ (U+308B)
               not set up for use with LaTeX.

See the LaTeX manual or LaTeX Companion for explanation.
Type  H <return>  for immediate help.
 ...                                              
                                                  
l.47 ...ãªç”Ÿæˆæ–¹æ³•ã«é–¢ã™ã‚‹ã‚‚ã®ã§ã‚ã‚‹
                                                  ï¼
You may provide a definition with
\DeclareUnicodeCharacter 


! LaTeX Error: Unicode character ï¼ (U+FF0E)
               not set up for use with LaTeX.

See the LaTeX manual or LaTeX Companion for explanation.
Type  H <return>  for immediate help.
 ...                                              
                                                  
l.47 ...ç”Ÿæˆæ–¹æ³•ã«é–¢ã™ã‚‹ã‚‚ã®ã§ã‚ã‚‹ï¼
                                                  
You may provide a definition with
\DeclareUnicodeCharacter 


! LaTeX Error: Unicode character ã¨ (U+3068)
               not set up for use with LaTeX.

See the LaTeX manual or LaTeX Companion for explanation.
Type  H <return>  for immediate help.
 ...                                              
                                                  
l.48 Pythonã¨
              æ•°å­¦çš„ãªé–¢æ•°ã‚’ç”¨ã„ã¦G-codeãã®ã‚‚ã®ã‚’ç›´æ¥ä½œæˆ...
You may provide a definition with
\DeclareUnicodeCharacter 


! LaTeX Error: Unicode character æ•° (U+6570)
               not set up for use with LaTeX.

See the LaTeX manual or LaTeX Companion for explanation.
Type  H <return>  for immediate help.
 ...                                              
                                                  
l.48 Pythonã¨æ•°
                 å­¦çš„ãªé–¢æ•°ã‚’ç”¨ã„ã¦G-codeãã®ã‚‚ã®ã‚’ç›´æ¥ä½œæˆ...
You may provide a definition with
\DeclareUnicodeCharacter 


! LaTeX Error: Unicode character å­¦ (U+5B66)
               not set up for use with LaTeX.

See the LaTeX manual or LaTeX Companion for explanation.
Type  H <return>  for immediate help.
 ...                                              
                                                  
l.48 Pythonã¨æ•°å­¦
                    çš„ãªé–¢æ•°ã‚’ç”¨ã„ã¦G-codeãã®ã‚‚ã®ã‚’ç›´æ¥ä½œæˆ...
You may provide a definition with
\DeclareUnicodeCharacter 


! LaTeX Error: Unicode character çš„ (U+7684)
               not set up for use with LaTeX.

See the LaTeX manual or LaTeX Companion for explanation.
Type  H <return>  for immediate help.
 ...                                              
                                                  
l.48 Pythonã¨æ•°å­¦çš„
                       ãªé–¢æ•°ã‚’ç”¨ã„ã¦G-codeãã®ã‚‚ã®ã‚’ç›´æ¥ä½œæˆ...
You may provide a definition with
\DeclareUnicodeCharacter 


! LaTeX Error: Unicode character ãª (U+306A)
               not set up for use with LaTeX.

See the LaTeX manual or LaTeX Companion for explanation.
Type  H <return>  for immediate help.
 ...                                              
                                                  
l.48 Pythonã¨æ•°å­¦çš„ãª
                          é–¢æ•°ã‚’ç”¨ã„ã¦G-codeãã®ã‚‚ã®ã‚’ç›´æ¥ä½œæˆ...
You may provide a definition with
\DeclareUnicodeCharacter 


! LaTeX Error: Unicode character é–¢ (U+95A2)
               not set up for use with LaTeX.

See the LaTeX manual or LaTeX Companion for explanation.
Type  H <return>  for immediate help.
 ...                                              
                                                  
l.48 Pythonã¨æ•°å­¦çš„ãªé–¢
                             æ•°ã‚’ç”¨ã„ã¦G-codeãã®ã‚‚ã®ã‚’ç›´æ¥ä½œæˆ...
You may provide a definition with
\DeclareUnicodeCharacter 


! LaTeX Error: Unicode character æ•° (U+6570)
               not set up for use with LaTeX.

See the LaTeX manual or LaTeX Companion for explanation.
Type  H <return>  for immediate help.
 ...                                              
                                                  
l.48 Pythonã¨æ•°å­¦çš„ãªé–¢æ•°
                                ã‚’ç”¨ã„ã¦G-codeãã®ã‚‚ã®ã‚’ç›´æ¥ä½œæˆ...
You may provide a definition with
\DeclareUnicodeCharacter 


! LaTeX Error: Unicode character ã‚’ (U+3092)
               not set up for use with LaTeX.

See the LaTeX manual or LaTeX Companion for explanation.
Type  H <return>  for immediate help.
 ...                                              
                                                  
l.48 Pythonã¨æ•°å­¦çš„ãªé–¢æ•°ã‚’
                                   ç”¨ã„ã¦G-codeãã®ã‚‚ã®ã‚’ç›´æ¥ä½œæˆ...
You may provide a definition with
\DeclareUnicodeCharacter 


! LaTeX Error: Unicode character ç”¨ (U+7528)
               not set up for use with LaTeX.

See the LaTeX manual or LaTeX Companion for explanation.
Type  H <return>  for immediate help.
 ...                                              
                                                  
l.48 Pythonã¨æ•°å­¦çš„ãªé–¢æ•°ã‚’ç”¨
                                      ã„ã¦G-codeãã®ã‚‚ã®ã‚’ç›´æ¥ä½œæˆ...
You may provide a definition with
\DeclareUnicodeCharacter 


! LaTeX Error: Unicode character ã„ (U+3044)
               not set up for use with LaTeX.

See the LaTeX manual or LaTeX Companion for explanation.
Type  H <return>  for immediate help.
 ...                                              
                                                  
l.48 Pythonã¨æ•°å­¦çš„ãªé–¢æ•°ã‚’ç”¨ã„
                                         ã¦G-codeãã®ã‚‚ã®ã‚’ç›´æ¥ä½œæˆ...
You may provide a definition with
\DeclareUnicodeCharacter 


! LaTeX Error: Unicode character ã¦ (U+3066)
               not set up for use with LaTeX.

See the LaTeX manual or LaTeX Companion for explanation.
Type  H <return>  for immediate help.
 ...                                              
                                                  
l.48 Pythonã¨æ•°å­¦çš„ãªé–¢æ•°ã‚’ç”¨ã„ã¦
                                            G-codeãã®ã‚‚ã®ã‚’ç›´æ¥ä½œæˆ...
You may provide a definition with
\DeclareUnicodeCharacter 


! LaTeX Error: Unicode character ã (U+305D)
               not set up for use with LaTeX.

See the LaTeX manual or LaTeX Companion for explanation.
Type  H <return>  for immediate help.
 ...                                              
                                                  
l.48 ...ã¨æ•°å­¦çš„ãªé–¢æ•°ã‚’ç”¨ã„ã¦G-codeã
                                                  ã®ã‚‚ã®ã‚’ç›´æ¥ä½œæˆã...
You may provide a definition with
\DeclareUnicodeCharacter 


! LaTeX Error: Unicode character ã® (U+306E)
               not set up for use with LaTeX.

See the LaTeX manual or LaTeX Companion for explanation.
Type  H <return>  for immediate help.
 ...                                              
                                                  
l.48 ...æ•°å­¦çš„ãªé–¢æ•°ã‚’ç”¨ã„ã¦G-codeãã®
                                                  ã‚‚ã®ã‚’ç›´æ¥ä½œæˆã—ï¼...
You may provide a definition with
\DeclareUnicodeCharacter 


! LaTeX Error: Unicode character ã‚‚ (U+3082)
               not set up for use with LaTeX.

See the LaTeX manual or LaTeX Companion for explanation.
Type  H <return>  for immediate help.
 ...                                              
                                                  
l.48 ...å­¦çš„ãªé–¢æ•°ã‚’ç”¨ã„ã¦G-codeãã®ã‚‚
                                                  ã®ã‚’ç›´æ¥ä½œæˆã—ï¼Œ3æ...
You may provide a definition with
\DeclareUnicodeCharacter 


! LaTeX Error: Unicode character ã® (U+306E)
               not set up for use with LaTeX.

See the LaTeX manual or LaTeX Companion for explanation.
Type  H <return>  for immediate help.
 ...                                              
                                                  
l.48 ...çš„ãªé–¢æ•°ã‚’ç”¨ã„ã¦G-codeãã®ã‚‚ã®
                                                  ã‚’ç›´æ¥ä½œæˆã—ï¼Œ3æ¬¡å...
You may provide a definition with
\DeclareUnicodeCharacter 


! LaTeX Error: Unicode character ã‚’ (U+3092)
               not set up for use with LaTeX.

See the LaTeX manual or LaTeX Companion for explanation.
Type  H <return>  for immediate help.
 ...                                              
                                                  
l.48 ...ãªé–¢æ•°ã‚’ç”¨ã„ã¦G-codeãã®ã‚‚ã®ã‚’
                                                  ç›´æ¥ä½œæˆã—ï¼Œ3æ¬¡å…ƒå...
You may provide a definition with
\DeclareUnicodeCharacter 


! LaTeX Error: Unicode character ç›´ (U+76F4)
               not set up for use with LaTeX.

See the LaTeX manual or LaTeX Companion for explanation.
Type  H <return>  for immediate help.
 ...                                              
                                                  
l.48 ...é–¢æ•°ã‚’ç”¨ã„ã¦G-codeãã®ã‚‚ã®ã‚’ç›´
                                                  æ¥ä½œæˆã—ï¼Œ3æ¬¡å…ƒå½¢ç...
You may provide a definition with
\DeclareUnicodeCharacter 


! LaTeX Error: Unicode character æ¥ (U+63A5)
               not set up for use with LaTeX.

See the LaTeX manual or LaTeX Companion for explanation.
Type  H <return>  for immediate help.
 ...                                              
                                                  
l.48 ...æ•°ã‚’ç”¨ã„ã¦G-codeãã®ã‚‚ã®ã‚’ç›´æ¥
                                                  ä½œæˆã—ï¼Œ3æ¬¡å…ƒå½¢çŠ¶ã...
You may provide a definition with
\DeclareUnicodeCharacter 


! LaTeX Error: Unicode character ä½œ (U+4F5C)
               not set up for use with LaTeX.

See the LaTeX manual or LaTeX Companion for explanation.
Type  H <return>  for immediate help.
 ...                                              
                                                  
l.48 ...ã‚’ç”¨ã„ã¦G-codeãã®ã‚‚ã®ã‚’ç›´æ¥ä½œ
                                                  æˆã—ï¼Œ3æ¬¡å…ƒå½¢çŠ¶ã‚’æ...
You may provide a definition with
\DeclareUnicodeCharacter 


! LaTeX Error: Unicode character æˆ (U+6210)
               not set up for use with LaTeX.

See the LaTeX manual or LaTeX Companion for explanation.
Type  H <return>  for immediate help.
 ...                                              
                                                  
l.48 ...ç”¨ã„ã¦G-codeãã®ã‚‚ã®ã‚’ç›´æ¥ä½œæˆ
                                                  ã—ï¼Œ3æ¬¡å…ƒå½¢çŠ¶ã‚’æ§‹ç...
You may provide a definition with
\DeclareUnicodeCharacter 


! LaTeX Error: Unicode character ã— (U+3057)
               not set up for use with LaTeX.

See the LaTeX manual or LaTeX Companion for explanation.
Type  H <return>  for immediate help.
 ...                                              
                                                  
l.48 ...ã„ã¦G-codeãã®ã‚‚ã®ã‚’ç›´æ¥ä½œæˆã—
                                                  ï¼Œ3æ¬¡å…ƒå½¢çŠ¶ã‚’æ§‹ç¯‰ã...
You may provide a definition with
\DeclareUnicodeCharacter 


! LaTeX Error: Unicode character ï¼Œ (U+FF0C)
               not set up for use with LaTeX.

See the LaTeX manual or LaTeX Companion for explanation.
Type  H <return>  for immediate help.
 ...                                              
                                                  
l.48 ...ã¦G-codeãã®ã‚‚ã®ã‚’ç›´æ¥ä½œæˆã—ï¼Œ
                                                  3æ¬¡å…ƒå½¢çŠ¶ã‚’æ§‹ç¯‰ã™ã...
You may provide a definition with
\DeclareUnicodeCharacter 


! LaTeX Error: Unicode character æ¬¡ (U+6B21)
               not set up for use with LaTeX.

See the LaTeX manual or LaTeX Companion for explanation.
Type  H <return>  for immediate help.
 ...                                              
                                                  
l.48 ...-codeãã®ã‚‚ã®ã‚’ç›´æ¥ä½œæˆã—ï¼Œ3æ¬¡
                                                  å…ƒå½¢çŠ¶ã‚’æ§‹ç¯‰ã™ã‚‹ã...
You may provide a definition with
\DeclareUnicodeCharacter 


! LaTeX Error: Unicode character å…ƒ (U+5143)
               not set up for use with LaTeX.

See the LaTeX manual or LaTeX Companion for explanation.
Type  H <return>  for immediate help.
 ...                                              
                                                  
l.48 ...deãã®ã‚‚ã®ã‚’ç›´æ¥ä½œæˆã—ï¼Œ3æ¬¡å…ƒ
                                                  å½¢çŠ¶ã‚’æ§‹ç¯‰ã™ã‚‹ã“ã...
You may provide a definition with
\DeclareUnicodeCharacter 


! LaTeX Error: Unicode character å½¢ (U+5F62)
               not set up for use with LaTeX.

See the LaTeX manual or LaTeX Companion for explanation.
Type  H <return>  for immediate help.
 ...                                              
                                                  
l.48 ...ã®ã‚‚ã®ã‚’ç›´æ¥ä½œæˆã—ï¼Œ3æ¬¡å…ƒå½¢
                                                  çŠ¶ã‚’æ§‹ç¯‰ã™ã‚‹ã“ã¨ã...
You may provide a definition with
\DeclareUnicodeCharacter 


! LaTeX Error: Unicode character çŠ¶ (U+72B6)
               not set up for use with LaTeX.

See the LaTeX manual or LaTeX Companion for explanation.
Type  H <return>  for immediate help.
 ...                                              
                                                  
l.48 ...®ã‚‚ã®ã‚’ç›´æ¥ä½œæˆã—ï¼Œ3æ¬¡å…ƒå½¢çŠ¶
                                                  ã‚’æ§‹ç¯‰ã™ã‚‹ã“ã¨ã§ã...
You may provide a definition with
\DeclareUnicodeCharacter 


! LaTeX Error: Unicode character ã‚’ (U+3092)
               not set up for use with LaTeX.

See the LaTeX manual or LaTeX Companion for explanation.
Type  H <return>  for immediate help.
 ...                                              
                                                  
l.48 ...‚‚ã®ã‚’ç›´æ¥ä½œæˆã—ï¼Œ3æ¬¡å…ƒå½¢çŠ¶ã‚’
                                                  æ§‹ç¯‰ã™ã‚‹ã“ã¨ã§ãã‚...
You may provide a definition with
\DeclareUnicodeCharacter 


! LaTeX Error: Unicode character æ§‹ (U+69CB)
               not set up for use with LaTeX.

See the LaTeX manual or LaTeX Companion for explanation.
Type  H <return>  for immediate help.
 ...                                              
                                                  
l.48 ...®ã‚’ç›´æ¥ä½œæˆã—ï¼Œ3æ¬¡å…ƒå½¢çŠ¶ã‚’æ§‹
                                                  ç¯‰ã™ã‚‹ã“ã¨ã§ãã‚‹G-...
You may provide a definition with
\DeclareUnicodeCharacter 


! LaTeX Error: Unicode character ç¯‰ (U+7BC9)
               not set up for use with LaTeX.

See the LaTeX manual or LaTeX Companion for explanation.
Type  H <return>  for immediate help.
 ...                                              
                                                  
l.48 ...‚’ç›´æ¥ä½œæˆã—ï¼Œ3æ¬¡å…ƒå½¢çŠ¶ã‚’æ§‹ç¯‰
                                                  ã™ã‚‹ã“ã¨ã§ãã‚‹G-coo...
You may provide a definition with
\DeclareUnicodeCharacter 


! LaTeX Error: Unicode character ã™ (U+3059)
               not set up for use with LaTeX.

See the LaTeX manual or LaTeX Companion for explanation.
Type  H <return>  for immediate help.
 ...                                              
                                                  
l.48 ...›´æ¥ä½œæˆã—ï¼Œ3æ¬¡å…ƒå½¢çŠ¶ã‚’æ§‹ç¯‰ã™
                                                  ã‚‹ã“ã¨ã§ãã‚‹G-coordi...
You may provide a definition with
\DeclareUnicodeCharacter 


! LaTeX Error: Unicode character ã‚‹ (U+308B)
               not set up for use with LaTeX.

See the LaTeX manual or LaTeX Companion for explanation.
Type  H <return>  for immediate help.
 ...                                              
                                                  
l.48 ...¥ä½œæˆã—ï¼Œ3æ¬¡å…ƒå½¢çŠ¶ã‚’æ§‹ç¯‰ã™ã‚‹
                                                  ã“ã¨ã§ãã‚‹G-coordinator
You may provide a definition with
\DeclareUnicodeCharacter 


! LaTeX Error: Unicode character ã“ (U+3053)
               not set up for use with LaTeX.

See the LaTeX manual or LaTeX Companion for explanation.
Type  H <return>  for immediate help.
 ...                                              
                                                  
l.48 ...½œæˆã—ï¼Œ3æ¬¡å…ƒå½¢çŠ¶ã‚’æ§‹ç¯‰ã™ã‚‹ã“
                                                  ã¨ã§ãã‚‹G-coordinator
You may provide a definition with
\DeclareUnicodeCharacter 


! LaTeX Error: Unicode character ã¨ (U+3068)
               not set up for use with LaTeX.

See the LaTeX manual or LaTeX Companion for explanation.
Type  H <return>  for immediate help.
 ...                                              
                                                  
l.48 ...ˆã—ï¼Œ3æ¬¡å…ƒå½¢çŠ¶ã‚’æ§‹ç¯‰ã™ã‚‹ã“ã¨
                                                  ã§ãã‚‹G-coordinator
You may provide a definition with
\DeclareUnicodeCharacter 


! LaTeX Error: Unicode character ã§ (U+3067)
               not set up for use with LaTeX.

See the LaTeX manual or LaTeX Companion for explanation.
Type  H <return>  for immediate help.
 ...                                              
                                                  
l.48 ...—ï¼Œ3æ¬¡å…ƒå½¢çŠ¶ã‚’æ§‹ç¯‰ã™ã‚‹ã“ã¨ã§
                                                  ãã‚‹G-coordinator
You may provide a definition with
\DeclareUnicodeCharacter 


! LaTeX Error: Unicode character ã (U+304D)
               not set up for use with LaTeX.

See the LaTeX manual or LaTeX Companion for explanation.
Type  H <return>  for immediate help.
 ...                                              
                                                  
l.48 ...¼Œ3æ¬¡å…ƒå½¢çŠ¶ã‚’æ§‹ç¯‰ã™ã‚‹ã“ã¨ã§ã
                                                  ã‚‹G-coordinator
You may provide a definition with
\DeclareUnicodeCharacter 


! LaTeX Error: Unicode character ã‚‹ (U+308B)
               not set up for use with LaTeX.

See the LaTeX manual or LaTeX Companion for explanation.
Type  H <return>  for immediate help.
 ...                                              
                                                  
l.48 ...æ¬¡å…ƒå½¢çŠ¶ã‚’æ§‹ç¯‰ã™ã‚‹ã“ã¨ã§ãã‚‹
                                                  G-coordinator
You may provide a definition with
\DeclareUnicodeCharacter 


! LaTeX Error: Unicode character ã¨ (U+3068)
               not set up for use with LaTeX.

See the LaTeX manual or LaTeX Companion for explanation.
Type  H <return>  for immediate help.
 ...                                              
                                                  
l.49 ...github.com/tomohiron907/G-coordinator )ã¨
                                                  ã„ã†ã‚ªãƒ¼ãƒ—ãƒ³ã‚½ãƒ¼ã‚...
You may provide a definition with
\DeclareUnicodeCharacter 


! LaTeX Error: Unicode character ã„ (U+3044)
               not set up for use with LaTeX.

See the LaTeX manual or LaTeX Companion for explanation.
Type  H <return>  for immediate help.
 ...                                              
                                                  
l.49 ...hub.com/tomohiron907/G-coordinator )ã¨ã„
                                                  ã†ã‚ªãƒ¼ãƒ—ãƒ³ã‚½ãƒ¼ã‚¹ã‚...
You may provide a definition with
\DeclareUnicodeCharacter 


! LaTeX Error: Unicode character ã† (U+3046)
               not set up for use with LaTeX.

See the LaTeX manual or LaTeX Companion for explanation.
Type  H <return>  for immediate help.
 ...                                              
                                                  
l.49 ....com/tomohiron907/G-coordinator )ã¨ã„ã†
                                                  ã‚ªãƒ¼ãƒ—ãƒ³ã‚½ãƒ¼ã‚¹ã‚½ãƒ...
You may provide a definition with
\DeclareUnicodeCharacter 


! LaTeX Error: Unicode character ã‚ª (U+30AA)
               not set up for use with LaTeX.

See the LaTeX manual or LaTeX Companion for explanation.
Type  H <return>  for immediate help.
 ...                                              
                                                  
l.49 ...m/tomohiron907/G-coordinator )ã¨ã„ã†ã‚ª
                                                  ãƒ¼ãƒ—ãƒ³ã‚½ãƒ¼ã‚¹ã‚½ãƒ•ãƒ...
You may provide a definition with
\DeclareUnicodeCharacter 


! LaTeX Error: Unicode character ãƒ¼ (U+30FC)
               not set up for use with LaTeX.

See the LaTeX manual or LaTeX Companion for explanation.
Type  H <return>  for immediate help.
 ...                                              
                                                  
l.49 ...omohiron907/G-coordinator )ã¨ã„ã†ã‚ªãƒ¼
                                                  ãƒ—ãƒ³ã‚½ãƒ¼ã‚¹ã‚½ãƒ•ãƒˆã‚...
You may provide a definition with
\DeclareUnicodeCharacter 


! LaTeX Error: Unicode character ãƒ— (U+30D7)
               not set up for use with LaTeX.

See the LaTeX manual or LaTeX Companion for explanation.
Type  H <return>  for immediate help.
 ...                                              
                                                  
l.49 ...hiron907/G-coordinator )ã¨ã„ã†ã‚ªãƒ¼ãƒ—
                                                  ãƒ³ã‚½ãƒ¼ã‚¹ã‚½ãƒ•ãƒˆã‚¦ã‚...
You may provide a definition with
\DeclareUnicodeCharacter 


! LaTeX Error: Unicode character ãƒ³ (U+30F3)
               not set up for use with LaTeX.

See the LaTeX manual or LaTeX Companion for explanation.
Type  H <return>  for immediate help.
 ...                                              
                                                  
l.49 ...on907/G-coordinator )ã¨ã„ã†ã‚ªãƒ¼ãƒ—ãƒ³
                                                  ã‚½ãƒ¼ã‚¹ã‚½ãƒ•ãƒˆã‚¦ã‚§ã‚...
You may provide a definition with
\DeclareUnicodeCharacter 


! LaTeX Error: Unicode character ã‚½ (U+30BD)
               not set up for use with LaTeX.

See the LaTeX manual or LaTeX Companion for explanation.
Type  H <return>  for immediate help.
 ...                                              
                                                  
l.49 ...07/G-coordinator )ã¨ã„ã†ã‚ªãƒ¼ãƒ—ãƒ³ã‚½
                                                  ãƒ¼ã‚¹ã‚½ãƒ•ãƒˆã‚¦ã‚§ã‚¢ã‚...
You may provide a definition with
\DeclareUnicodeCharacter 


! LaTeX Error: Unicode character ãƒ¼ (U+30FC)
               not set up for use with LaTeX.

See the LaTeX manual or LaTeX Companion for explanation.
Type  H <return>  for immediate help.
 ...                                              
                                                  
l.49 ...G-coordinator )ã¨ã„ã†ã‚ªãƒ¼ãƒ—ãƒ³ã‚½ãƒ¼
                                                  ã‚¹ã‚½ãƒ•ãƒˆã‚¦ã‚§ã‚¢ã‚’é–...
You may provide a definition with
\DeclareUnicodeCharacter 


! LaTeX Error: Unicode character ã‚¹ (U+30B9)
               not set up for use with LaTeX.

See the LaTeX manual or LaTeX Companion for explanation.
Type  H <return>  for immediate help.
 ...                                              
                                                  
l.49 ...oordinator )ã¨ã„ã†ã‚ªãƒ¼ãƒ—ãƒ³ã‚½ãƒ¼ã‚¹
                                                  ã‚½ãƒ•ãƒˆã‚¦ã‚§ã‚¢ã‚’é–‹ç™...
You may provide a definition with
\DeclareUnicodeCharacter 


! LaTeX Error: Unicode character ã‚½ (U+30BD)
               not set up for use with LaTeX.

See the LaTeX manual or LaTeX Companion for explanation.
Type  H <return>  for immediate help.
 ...                                              
                                                  
l.49 ...dinator )ã¨ã„ã†ã‚ªãƒ¼ãƒ—ãƒ³ã‚½ãƒ¼ã‚¹ã‚½
                                                  ãƒ•ãƒˆã‚¦ã‚§ã‚¢ã‚’é–‹ç™ºã...
You may provide a definition with
\DeclareUnicodeCharacter 


! LaTeX Error: Unicode character ãƒ• (U+30D5)
               not set up for use with LaTeX.

See the LaTeX manual or LaTeX Companion for explanation.
Type  H <return>  for immediate help.
 ...                                              
                                                  
l.49 ...ator )ã¨ã„ã†ã‚ªãƒ¼ãƒ—ãƒ³ã‚½ãƒ¼ã‚¹ã‚½ãƒ•
                                                  ãƒˆã‚¦ã‚§ã‚¢ã‚’é–‹ç™ºã—ã...
(That makes 100 errors; please try again.) 
Here is how much of TeX's memory you used:
 3875 strings out of 476026
 57732 string characters out of 5790043
 1850385 words of memory out of 5000000
 24333 multiletter control sequences out of 15000+600000
 515927 words of font info for 44 fonts, out of 8000000 for 9000
 1141 hyphenation exceptions out of 8191
 57i,6n,62p,435b,262s stack positions out of 10000i,1000n,20000p,200000b,200000s

No pages of output.
